"../../../../../../Users/s208052/Unreal Engine/UnrealGraphics/Content/BP_Xbot_Actor.uasset" 0
"../../../../../../Users/s208052/Unreal Engine/UnrealGraphics/Content/DemoDungeon.uasset" 1
"../../../../../../Users/s208052/Unreal Engine/UnrealGraphics/Content/Worlds/DemoDungeon_BuiltData.uasset" 2
"../../../../../../Users/s208052/Unreal Engine/UnrealGraphics/Content/DemoDungeon_BuiltData.uasset" 3
"../../../Engine/Content/Animation/DefaultAnimBoneCompressionSettings.uasset" 4
"../../../../../../Users/s208052/Unreal Engine/UnrealGraphics/Content/Characters/Xbot/SK_Xbot_Skeleton.uasset" 5
"../../../../../../Users/s208052/Unreal Engine/UnrealGraphics/Content/Characters/Xbot/Animations/SK_Xbot_Punch.uasset" 6
"../../../../../../Users/s208052/Unreal Engine/UnrealGraphics/Content/Characters/Xbot/Animations/SK_Xbot_Idle.uasset" 7
"../../../../../../Users/s208052/Unreal Engine/UnrealGraphics/Content/Characters/Xbot/Animations/SK_Xbot_Run.uasset" 8
"../../../../../../Users/s208052/Unreal Engine/UnrealGraphics/Content/Characters/Xbot/Animations/SK_Xbot_Walk.uasset" 9
"../../../../../../Users/s208052/Unreal Engine/UnrealGraphics/Content/Characters/Xbot/Animations/SK_Xbot_WalkBack.uasset" 10
"../../../../../../Users/s208052/Unreal Engine/UnrealGraphics/Content/Characters/Xbot/Animations/SK_Xbot_Locomotion.uasset" 11
"../../../../../../Users/s208052/Unreal Engine/UnrealGraphics/Content/Characters/Xbot/Animations/SK_Xbot_JumpDown.uasset" 12
"../../../../../../Users/s208052/Unreal Engine/UnrealGraphics/Content/Characters/Xbot/Animations/SK_Xbot_JumpUp.uasset" 13
"../../../../../../Users/s208052/Unreal Engine/UnrealGraphics/Content/Characters/Xbot/Animations/SK_Xbot_Airborn.uasset" 14
"../../../../../../Users/s208052/Unreal Engine/UnrealGraphics/Content/Characters/Xbot/SK_Xbot_AnimBP.uasset" 15
"../../../../../../Users/s208052/Unreal Engine/UnrealGraphics/Content/Characters/Xbot/M_Xbot_Joints.uasset" 16
"../../../../../../Users/s208052/Unreal Engine/UnrealGraphics/Content/Characters/Xbot/M_Xbot_Limbs.uasset" 17
"../../../../../../Users/s208052/Unreal Engine/UnrealGraphics/Content/Characters/Xbot/SK_Xbot_PhysicsAsset.uasset" 18
"../../../../../../Users/s208052/Unreal Engine/UnrealGraphics/Content/Characters/Xbot/SK_Xbot.uasset" 19
"../../../../../../Users/s208052/Unreal Engine/UnrealGraphics/Content/Characters/Xbot/BP_Xbot_Character.uasset" 20
"../../../../../../Users/s208052/Unreal Engine/UnrealGraphics/Content/Characters/Xbot/BP_UI.uasset" 21
"../../../../../../Users/s208052/Unreal Engine/UnrealGraphics/Content/Characters/Xbot/UI.uasset" 22
"../../../../../../Users/s208052/Unreal Engine/UnrealGraphics/Content/Characters/Xbot/AnimationButtons.uasset" 23
"../../../../../../Users/s208052/Unreal Engine/UnrealGraphics/Content/Characters/Xbot/Animations/SK_Xbot_Jump.uasset" 24
"../../../../../../Users/s208052/Unreal Engine/UnrealGraphics/Content/Environment/Torch/T_Flame_D.uasset" 25
"../../../../../../Users/s208052/Unreal Engine/UnrealGraphics/Content/Environment/Torch/M_Flame.uasset" 26
"../../../../../../Users/s208052/Unreal Engine/UnrealGraphics/Content/Environment/Torch/PS_Torch.uasset" 27
"../../../../../../Users/s208052/Unreal Engine/UnrealGraphics/Content/Environment/Torch/BP_Torch.uasset" 28
"../../../../../../Users/s208052/Unreal Engine/UnrealGraphics/Content/Environment/BP_Torch.uasset" 29
"../../../../../../Users/s208052/Unreal Engine/UnrealGraphics/Content/Environment/M_Flame.uasset" 30
"../../../../../../Users/s208052/Unreal Engine/UnrealGraphics/Content/Environment/PS_Torch.uasset" 31
"../../../../../../Users/s208052/Unreal Engine/UnrealGraphics/Content/Environment/T_Flame_D.uasset" 32
"../../../../../../Users/s208052/Unreal Engine/UnrealGraphics/Content/Environment/Structures/T_Wall_Block_Stone_N.uasset" 33
"../../../../../../Users/s208052/Unreal Engine/UnrealGraphics/Content/Environment/PostProcess/PP_Wavy.uasset" 34
"../../../../../../Users/s208052/Unreal Engine/UnrealGraphics/Content/Environment/PostProcess/TestProcess.uasset" 35
"../../../../../../Users/s208052/Unreal Engine/UnrealGraphics/Content/Environment/Structures/T_Wall_Block_Stone_Height.uasset" 36
"../../../../../../Users/s208052/Unreal Engine/UnrealGraphics/Content/Environment/Terrain/GrassTextures/T_Grass_ao.uasset" 37
"../../../../../../Users/s208052/Unreal Engine/UnrealGraphics/Content/Environment/Terrain/GrassTextures/T_Grass_Diffuse.uasset" 38
"../../../../../../Users/s208052/Unreal Engine/UnrealGraphics/Content/Environment/Terrain/GrassTextures/T_Grass_Height.uasset" 39
"../../../../../../Users/s208052/Unreal Engine/UnrealGraphics/Content/Environment/Terrain/GrassTextures/T_Grass_Metallic.uasset" 40
"../../../../../../Users/s208052/Unreal Engine/UnrealGraphics/Content/Environment/Terrain/GrassTextures/T_Grass_Normal-dx.uasset" 41
"../../../../../../Users/s208052/Unreal Engine/UnrealGraphics/Content/Environment/Terrain/GrassTextures/T_Grass_Roughness.uasset" 42
"../../../../../../Users/s208052/Unreal Engine/UnrealGraphics/Content/Environment/Terrain/M_Grass.uasset" 43
"../../../../../../Users/s208052/Unreal Engine/UnrealGraphics/Content/Environment/Terrain/SandTextures/T_Sand_ao.uasset" 44
"../../../../../../Users/s208052/Unreal Engine/UnrealGraphics/Content/Environment/Terrain/SandTextures/T_Sand_Diffuse.uasset" 45
"../../../../../../Users/s208052/Unreal Engine/UnrealGraphics/Content/Environment/Terrain/SandTextures/T_Sand_Height.uasset" 46
"../../../../../../Users/s208052/Unreal Engine/UnrealGraphics/Content/Environment/Terrain/SandTextures/T_Sand_Metallic.uasset" 47
"../../../../../../Users/s208052/Unreal Engine/UnrealGraphics/Content/Environment/Terrain/SandTextures/T_Sand_Normal.uasset" 48
"../../../../../../Users/s208052/Unreal Engine/UnrealGraphics/Content/Environment/Terrain/SandTextures/T_Sand_Roughness.uasset" 49
"../../../../../../Users/s208052/Unreal Engine/UnrealGraphics/Content/Environment/Terrain/M_Sand.uasset" 50
"../../../Engine/Content/Animation/DefaultAnimCurveCompressionSettings.uasset" 51
"../../../Engine/Content/Functions/Engine_MaterialFunctions01/Opacity/CameraDepthFade.uasset" 52
"../../../Engine/Content/EngineMaterials/T_Default_Material_Grid_M.uasset" 53
"../../../Engine/Content/EngineMaterials/T_Default_Material_Grid_N.uasset" 54
"../../../Engine/Content/EngineMaterials/WorldGridMaterial.uasset" 55
"../../../Engine/Content/ArtTools/RenderToTexture/Meshes/S_1_Unit_Plane.uasset" 56
"../../../Engine/Content/EngineMaterials/DefaultMaterial.uasset" 57
"../../../Engine/Content/BasicShapes/Cone.uasset" 58
"../../../Engine/Content/BasicShapes/Cylinder.uasset" 59
"../../../Engine/Content/BasicShapes/Plane.uasset" 60
"../../../Engine/Content/BasicShapes/Sphere.uasset" 61
"../../../Engine/Content/EditorLandscapeResources/DataLayer.uasset" 62
"../../../Engine/Content/EditorMaterials/MAT_Groups_Toggle.uasset" 63
"../../../Engine/Content/EditorMaterials/MAT_Groups_Visibility.uasset" 64
"../../../Engine/Content/EditorMaterials/PreviewShadowIndicator.uasset" 65
"../../../Engine/Content/EditorMaterials/PreviewShadowIndicatorMaterial.uasset" 66
"../../../Engine/Content/EditorMaterials/MatineeGroups/MAT_ColorTrack.uasset" 67
"../../../Engine/Content/EditorMaterials/MatineeGroups/MAT_Groups_Anim.uasset" 68
"../../../Engine/Content/EditorMaterials/MatineeGroups/MAT_Groups_AudioMaster.uasset" 69
"../../../Engine/Content/EditorMaterials/MatineeGroups/MAT_Groups_Director.uasset" 70
"../../../Engine/Content/EditorMaterials/MatineeGroups/MAT_Groups_Event.uasset" 71
"../../../Engine/Content/EditorMaterials/MatineeGroups/MAT_Groups_Fade.uasset" 72
"../../../Engine/Content/EditorMaterials/MatineeGroups/MAT_Groups_Float.uasset" 73
"../../../Engine/Content/EditorMaterials/MatineeGroups/MAT_Groups_Move.uasset" 74
"../../../Engine/Content/EditorMaterials/MatineeGroups/MAT_Groups_Slomo.uasset" 75
"../../../Engine/Content/EditorMaterials/MatineeGroups/MAT_Groups_Sound.uasset" 76
"../../../Engine/Content/EditorMaterials/MatineeGroups/MAT_Groups_Vector.uasset" 77
"../../../Engine/Content/EditorMaterials/ParticleSystems/PSysThumbnail_NoImage.uasset" 78
"../../../Engine/Content/EditorMaterials/ParticleSystems/PSysThumbnail_OOD.uasset" 79
"../../../Engine/Content/EditorMaterials/Camera/CineMat.uasset" 80
"../../../Engine/Content/EditorMaterials/Camera/MI_CineMat_Rig.uasset" 81
"../../../Engine/Content/EditorMeshes/Camera/SM_CraneRig_Arm.uasset" 82
"../../../Engine/Content/EditorMeshes/Camera/SM_CraneRig_Base.uasset" 83
"../../../Engine/Content/EditorMeshes/Camera/SM_CraneRig_Body.uasset" 84
"../../../Engine/Content/EditorMeshes/Camera/SM_CraneRig_Mount.uasset" 85
"../../../Engine/Content/EditorMeshes/Camera/SM_RailRig_Mount.uasset" 86
"../../../Engine/Content/EditorMeshes/Camera/SM_RailRig_Track.uasset" 87
"../../../Engine/Content/EditorResources/BSPVertex.uasset" 88
"../../../Engine/Content/EditorResources/EmptyActor.uasset" 89
"../../../Engine/Content/EditorResources/S_Actor.uasset" 90
"../../../Engine/Content/EditorResources/S_Note.uasset" 91
"../../../Engine/Content/EditorResources/S_Solver.uasset" 92
"../../../Engine/Content/EditorResources/S_Trigger.uasset" 93
"../../../Engine/Content/EditorResources/LightIcons/S_LightError.uasset" 94
"../../../Engine/Content/EditorResources/SequenceRecorder/Countdown.uasset" 95
"../../../Engine/Content/EditorResources/SequenceRecorder/RecordingIndicator.uasset" 96
"../../../Engine/Content/EditorSounds/Notifications/CompileFailed.uasset" 97
"../../../Engine/Content/EditorSounds/Notifications/CompileFailed_Cue.uasset" 98
"../../../Engine/Content/EditorSounds/Notifications/CompileSuccess.uasset" 99
"../../../Engine/Content/EditorSounds/Notifications/CompileStart_Cue.uasset" 100
"../../../Engine/Content/EditorSounds/Notifications/CompileSuccess_Cue.uasset" 101
"../../../Engine/Content/EngineDamageTypes/DmgTypeBP_Environmental.uasset" 102
"../../../Engine/Content/EngineDebugMaterials/DebugEditorMaterial.uasset" 103
"../../../Engine/Content/EngineDebugMaterials/DebugMeshMaterial.uasset" 104
"../../../Engine/Content/EngineDebugMaterials/M_SimpleUnlitTranslucent.uasset" 105
"../../../Engine/Content/Functions/Engine_MaterialFunctions02/Utility/CameraDirectionVector.uasset" 106
"../../../Engine/Content/EngineDebugMaterials/VolumeToRender.uasset" 107
"../../../Engine/Content/EngineDebugMaterials/M_VolumeRenderSphereTracePP.uasset" 108
"../../../Engine/Content/EngineDebugMaterials/WireframeMaterial.uasset" 109
"../../../Engine/Content/EngineFonts/Faces/DroidSansFallback.uasset" 110
"../../../Engine/Content/EngineFonts/Faces/RobotoBold.uasset" 111
"../../../Engine/Content/EngineFonts/Faces/RobotoBoldItalic.uasset" 112
"../../../Engine/Content/EngineFonts/Faces/RobotoItalic.uasset" 113
"../../../Engine/Content/EngineFonts/Faces/RobotoLight.uasset" 114
"../../../Engine/Content/EngineFonts/Faces/RobotoRegular.uasset" 115
"../../../Engine/Content/EngineFonts/Roboto.uasset" 116
"../../../Engine/Content/EngineMaterials/BaseFlattenDiffuseMap.uasset" 117
"../../../Engine/Content/EngineMaterials/BaseFlattenEmissiveMap.uasset" 118
"../../../Engine/Content/EngineMaterials/BaseFlattenGrayscaleMap.uasset" 119
"../../../Engine/Content/EngineMaterials/BaseFlattenNormalMap.uasset" 120
"../../../Engine/Content/EngineMaterials/BaseFlattenMaterial.uasset" 121
"../../../Engine/Content/EngineMaterials/BlueNoise.uasset" 122
"../../../Engine/Content/EngineMaterials/DefaultBloomKernel.uasset" 123
"../../../Engine/Content/EngineMaterials/DefaultBokeh.uasset" 124
"../../../Engine/Content/EngineMaterials/DefaultDiffuse.uasset" 125
"../../../Engine/Content/EngineMaterials/DefaultDeferredDecalMaterial.uasset" 126
"../../../Engine/Content/EngineMaterials/DefaultLightFunctionMaterial.uasset" 127
"../../../Engine/Content/Functions/Engine_MaterialFunctions02/Utility/BreakOutFloat2Components.uasset" 128
"../../../Engine/Content/EngineMaterials/DefaultPostProcessMaterial.uasset" 129
"../../../Engine/Content/EngineFonts/RobotoDistanceField.uasset" 130
"../../../Engine/Content/EngineMaterials/DefaultTextMaterialOpaque.uasset" 131
"../../../Engine/Content/EngineMaterials/DefaultWhiteGrid.uasset" 132
"../../../Engine/Content/EngineMaterials/DefaultWhiteGrid_Low.uasset" 133
"../../../Engine/Content/EngineMaterials/EmissiveMeshMaterial.uasset" 134
"../../../Engine/Content/EngineMaterials/GizmoMaterial.uasset" 135
"../../../Engine/Content/EngineMaterials/Good64x64TilingNoiseHighFreq.uasset" 136
"../../../Engine/Content/EngineMaterials/MiniFont.uasset" 137
"../../../Engine/Content/EngineMaterials/InvalidLightmapSettings.uasset" 138
"../../../Engine/Content/EngineMaterials/M_InvalidLightmapSettings.uasset" 139
"../../../Engine/Content/Functions/Engine_MaterialFunctions02/WorldPositionOffset/CameraOffset.uasset" 140
"../../../Engine/Content/EngineMaterials/PhAT_JointLimitMaterial.uasset" 141
"../../../Engine/Content/EngineMaterials/PreintegratedSkinBRDF.uasset" 142
"../../../Engine/Content/EngineMaterials/RemoveSurfaceMaterial.uasset" 143
"../../../Engine/Content/EngineResources/WhiteSquareTexture.uasset" 144
"../../../Engine/Content/EngineMaterials/Widget3DPassThrough.uasset" 145
"../../../Engine/Content/EngineMaterials/Widget3DPassThrough_Masked.uasset" 146
"../../../Engine/Content/EngineMaterials/Widget3DPassThrough_Opaque.uasset" 147
"../../../Engine/Content/EngineMaterials/Widget3DPassThrough_Masked_OneSided.uasset" 148
"../../../Engine/Content/EngineMaterials/Widget3DPassThrough_Opaque_OneSided.uasset" 149
"../../../Engine/Content/EngineMaterials/Widget3DPassThrough_Translucent.uasset" 150
"../../../Engine/Content/EngineMaterials/Widget3DPassThrough_Translucent_OneSided.uasset" 151
"../../../Engine/Content/EngineMeshes/Cylinder.uasset" 152
"../../../Engine/Content/EngineMeshes/Sphere.uasset" 153
"../../../Engine/Content/EngineResources/Black.uasset" 154
"../../../Engine/Content/EngineResources/DefaultTextureCube.uasset" 155
"../../../Engine/Content/EngineResources/DefaultVolumeTexture2D.uasset" 156
"../../../Engine/Content/EngineResources/DefaultVolumeTexture.uasset" 157
"../../../Engine/Content/EngineResources/GradientTexture0.uasset" 158
"../../../Engine/Content/EngineSounds/Master.uasset" 159
"../../../Engine/Content/Functions/Engine_MaterialFunctions01/Shading/ConvertFromDiffSpec.uasset" 160
"../../../Engine/Content/Functions/Engine_MaterialFunctions01/Shading/PowerToRoughness.uasset" 161
"../../../Engine/Content/Maps/Templates/Thumbnails/Default.uasset" 162
"../../../Engine/Content/Maps/Templates/Thumbnails/TimeOfDay.uasset" 163
"../../../Engine/Content/Maps/Templates/Thumbnails/VR-Basic.uasset" 164
"../../../Engine/Content/MobileResources/T_MobileControls_texture.uasset" 165
"../../../Engine/Content/MobileResources/T_MobileMenu2.uasset" 166
"../../../Engine/Content/MobileResources/HUD/AnalogHat.uasset" 167
"../../../Engine/Content/MobileResources/HUD/VirtualJoystick_Background.uasset" 168
"../../../Engine/Content/MobileResources/HUD/VirtualJoystick_Thumb.uasset" 169
"../../../Engine/Content/MobileResources/HUD/DefaultVirtualJoysticks.uasset" 170
"../../../Engine/Content/MobileResources/HUD/LeftVirtualJoystickOnly.uasset" 171
"../../../Engine/Content/MobileResources/HUD/MobileHUDButton1_off.uasset" 172
"../../../Engine/Content/MobileResources/HUD/MobileHUDButton1_on.uasset" 173
"../../../Engine/Content/MobileResources/HUD/MobileHUDButton2_off.uasset" 174
"../../../Engine/Content/MobileResources/HUD/MobileHUDButton2_on.uasset" 175
"../../../Engine/Content/MobileResources/HUD/MobileHUDButton3.uasset" 176
"../../../Engine/Content/MobileResources/HUD/MobileHUDButtonFire.uasset" 177
"../../../Engine/Content/MobileResources/HUD/MobileHUDDirectionPad.uasset" 178
"../../../Engine/Content/MobileResources/HUD/MobileHUDDirectionPad2.uasset" 179
"../../../Engine/Content/MobileResources/HUD/MobileHUDDirectionPad3.uasset" 180
"../../../Engine/Content/MobileResources/HUD/MobileHUDDirectionStick.uasset" 181
"../../../Engine/Content/MobileResources/HUD/T_Castle_ThumbstickInner.uasset" 182
"../../../Engine/Content/MobileResources/HUD/T_Castle_ThumbstickOutter.uasset" 183
"../../../Engine/Content/Tutorial/ContentIntroCurve.uasset" 184
"../../../Engine/Content/Tutorial/Basics/LevelEditorAttract.uasset" 185
"../../../Engine/Content/Tutorial/Basics/TutorialAssets/icon_tab_Levels_40x.uasset" 186
"../../../Engine/Content/Tutorial/Basics/LevelEditorOverview.uasset" 187
"../../../Engine/Content/VREditor/LaserPointer/VR_LaserPower_01.uasset" 188
"../../../Engine/Content/VREditor/TransformGizmo/TransformGizmoMaterial.uasset" 189
"../../../Engine/Content/VREditor/TransformGizmo/TranslucentTransformGizmoMaterial.uasset" 190
"../../../Engine/Content/VREditor/TransformGizmo/BoundingBoxCorner.uasset" 191
"../../../Engine/Content/VREditor/TransformGizmo/BoundingBoxEdge.uasset" 192
"../../../Engine/Content/VREditor/TransformGizmo/PlaneTranslationHandle.uasset" 193
"../../../Engine/Content/VREditor/TransformGizmo/Main.uasset" 194
"../../../Engine/Content/VREditor/TransformGizmo/Xray.uasset" 195
"../../../Engine/Content/VREditor/TransformGizmo/SM_Sequencer_Key.uasset" 196
"../../../Engine/Content/VREditor/TransformGizmo/SM_Sequencer_Node.uasset" 197
"../../Plugins/2D/Paper2D/Content/PlaceholderTextures/DummySpriteTexture.uasset" 198
"../../Plugins/2D/Paper2D/Content/DummySprite.uasset" 199
"../../Plugins/2D/Paper2D/Content/DefaultPaperTerrainMaterial.uasset" 200
"../../Plugins/2D/Paper2D/Content/DefaultSpriteMaterial.uasset" 201
"../../Plugins/2D/Paper2D/Content/MaskedUnlitSpriteMaterial.uasset" 202
"../../Plugins/2D/Paper2D/Content/OpaqueUnlitSpriteMaterial.uasset" 203
"../../Plugins/FX/Niagara/Content/Enums/ENiagaraBooleanLogicOps.uasset" 204
"../../Plugins/FX/Niagara/Content/Enums/ENiagaraCoordinateSpace.uasset" 205
"../../Plugins/FX/Niagara/Content/Enums/ENiagaraExpansionMode.uasset" 206
"../../Plugins/FX/Niagara/Content/Enums/ENiagaraOrientationAxis.uasset" 207
"../../Plugins/FX/Niagara/Content/Enums/ENiagaraRandomnessMode.uasset" 208
"../../../Engine/Content/Functions/Engine_MaterialFunctions02/Utility/BreakOutFloat4Components.uasset" 209
"../../../Engine/Content/Functions/Engine_MaterialFunctions02/Utility/MakeFloat2.uasset" 210
"../../../Engine/Content/Functions/Engine_MaterialFunctions02/Utility/MakeFloat3.uasset" 211
"../../Plugins/Runtime/Oculus/OculusVR/Content/Materials/OculusMR_ChromaKey.uasset" 212
"../../Plugins/Runtime/Oculus/OculusVR/Content/Materials/OculusMR_ChromaKey_Lit.uasset" 213
"../../Plugins/Runtime/Oculus/OculusVR/Content/Materials/OculusMR_OpaqueColoredMaterial.uasset" 214
"../../Plugins/Runtime/Oculus/OculusVR/Content/Materials/OculusMR_WhiteMaterial.uasset" 215
"../../../../../../Users/s208052/Unreal Engine/UnrealGraphics/Content/Environment/TextBlockBP.uasset" 216
"../../../../../../Users/s208052/Unreal Engine/UnrealGraphics/Content/GM_Xbot.uasset" 217
"../../../../../../Users/s208052/Unreal Engine/UnrealGraphics/Content/TestRGBLight.uasset" 218
"../../../../../../Users/s208052/Unreal Engine/UnrealGraphics/Content/Worlds/DemoDungeon_sharedassets/Grass_LayerInfo.uasset" 219
"../../../../../../Users/s208052/Unreal Engine/UnrealGraphics/Content/Worlds/DemoDungeon_sharedassets/Ground_LayerInfo.uasset" 220
"../../../Engine/Content/BasicShapes/BasicShapeMaterial.uasset" 221
"../../../../../../Users/s208052/Unreal Engine/UnrealGraphics/Content/Environment/Structures/T_Wall_Block_Stone_AO.uasset" 222
"../../../../../../Users/s208052/Unreal Engine/UnrealGraphics/Content/Environment/Structures/T_Wall_Block_Stone_D.uasset" 223
"../../../../../../Users/s208052/Unreal Engine/UnrealGraphics/Content/Environment/Structures/T_Wall_Block_Stone_Metallic.uasset" 224
"../../../../../../Users/s208052/Unreal Engine/UnrealGraphics/Content/Environment/Structures/T_Wall_Block_Stone_R.uasset" 225
"../../../../../../Users/s208052/Unreal Engine/UnrealGraphics/Content/Environment/Structures/M_Wall_Block_Stone.uasset" 226
"../../../Engine/Content/Functions/Engine_MaterialFunctions03/Particles/Distance_Blend.uasset" 227
"../../../Engine/Content/EngineResources/DefaultTexture_Low.uasset" 228
"../../../../../../Users/s208052/Unreal Engine/UnrealGraphics/Content/Environment/Terrain/MF_LandscapeBlend.uasset" 229
"../../../Engine/Content/EngineMaterials/DefaultNormal.uasset" 230
"../../../Engine/Content/EngineMaterials/WeightMapPlaceholderTexture.uasset" 231
"../../../Engine/Content/EngineResources/DefaultTexture.uasset" 232
"../../../../../../Users/s208052/Unreal Engine/UnrealGraphics/Content/Environment/Terrain/M_Landscape.uasset" 233
"../../../../../../Users/s208052/Unreal Engine/UnrealGraphics/Content/Environment/Terrain/MI_LandScape_Desert.uasset" 234
"../../../Engine/Content/BasicShapes/Cube.uasset" 235
"../../../Engine/Content/EngineMaterials/DefaultPhysicalMaterial.uasset" 236
"../../../../../../Users/s208052/Unreal Engine/UnrealGraphics/Content/Characters/Xbot/BP_Menu.uasset" 237
"../../../../../../Users/s208052/Unreal Engine/UnrealGraphics/Content/Worlds/DemoDungeon.umap" 238
"../../../Engine/Content/Maps/Entry_BuiltData.uasset" 239
"../../../Engine/Content/Maps/Entry.umap" 240
